2023-09-02 20:18:14.510 [info] Log level: Info
2023-09-02 20:18:14.510 [info] Validating found git in: "git"
2023-09-02 20:18:14.510 [info] Using git "2.42.0" from "git"
2023-09-02 20:18:14.510 [info] > git rev-parse --show-toplevel [8ms]
2023-09-02 20:18:14.510 [info] fatal: not a git repository (or any parent up to mount point /)
Stopping at filesystem boundary (GIT_DISCOVERY_ACROSS_FILESYSTEM not set).
2023-09-02 20:18:15.580 [info] > git rev-parse --show-toplevel [1ms]
2023-09-02 20:18:15.580 [info] fatal: not a git repository (or any parent up to mount point /)
Stopping at filesystem boundary (GIT_DISCOVERY_ACROSS_FILESYSTEM not set).
2023-09-02 20:18:23.903 [info] Log level: Info
2023-09-02 20:18:23.903 [info] Validating found git in: "git"
2023-09-02 20:18:23.903 [info] Using git "2.42.0" from "git"
2023-09-02 20:18:23.903 [info] > git rev-parse --show-toplevel [4ms]
2023-09-02 20:18:23.903 [info] fatal: not a git repository (or any parent up to mount point /)
Stopping at filesystem boundary (GIT_DISCOVERY_ACROSS_FILESYSTEM not set).
2023-09-02 20:18:23.904 [info] > git rev-parse --show-toplevel [2ms]
2023-09-02 20:18:23.904 [info] fatal: not a git repository (or any parent up to mount point /)
Stopping at filesystem boundary (GIT_DISCOVERY_ACROSS_FILESYSTEM not set).
2023-09-02 20:19:21.085 [info] > git rev-parse --show-toplevel [1ms]
2023-09-02 20:19:21.085 [info] fatal: not a git repository (or any parent up to mount point /)
Stopping at filesystem boundary (GIT_DISCOVERY_ACROSS_FILESYSTEM not set).
2023-09-02 20:19:24.099 [info] > git rev-parse --show-toplevel [1ms]
2023-09-02 20:19:24.099 [info] fatal: not a git repository (or any parent up to mount point /)
Stopping at filesystem boundary (GIT_DISCOVERY_ACROSS_FILESYSTEM not set).
