[Wednesday/August 30/08/2023 23:34:05] /run/media/mnkey/4TBUSB/3D/C4D/Everything 3D/01 - Design and Modelling - Welcome.mp4 | length=64.133514739229 | time=64.133514739229
[Thursday/August 31/08/2023 13:59:19] /home/mnkey/storage/hdd250/AudioBooks/foreign/1001/Сказки тысячи и одной ночи. Ночи 1-50 [Александр Клюквин]/01-01.mp3 | length=1399.877 | time=6.0341037936508
[Thursday/August 31/08/2023 23:24:05] /home/mnkey/Videos/youtube/tutoronline/7-11/Что такое параметр_ Уравнения и неравенства с параметром. 7-11 класс. Вебинар _ Математика (480p_30fps_VP9).webm | length=3330.028 | time=166.167
[Thursday/August 31/08/2023 23:24:16] /home/mnkey/Videos/youtube/tutoronline/7-11/Математика _ 5 причин, почему нам надо уметь раскладывать на множители (480p_25fps_VP9).webm | length=1192.508 | time=646.12
[Thursday/August 31/08/2023 23:24:22] /home/mnkey/Videos/youtube/tutoronline/7-11/Математика _ 5 причин, почему нам надо уметь раскладывать на множители (480p_25fps_VP9).webm | length=1192.508 | time=648.72
[Thursday/August 31/08/2023 23:24:49] /home/mnkey/Videos/youtube/tutoronline/7-11/Вся геометрия 7-9 класса в 5 задачах _ Математика _ TutorOnline (480p_25fps_VP9).webm | length=1201.668 | time=3.76
[Friday/September 01/09/2023 00:37:31] /run/media/mnkey/4TBUSB/UNSORTED/__/Brainstorm/BST 3.5 - Brainstorm - STORM Courses/DT1 - Design Theory/BST35-DT1-Lecture 01.mp4 | length=11233.984 | time=0
[Friday/September 01/09/2023 00:37:54] /run/media/mnkey/4TBUSB/UNSORTED/__/Brainstorm/BST 3.5 - Brainstorm - STORM Courses/DT1 - Design Theory/BST35-DT1-Lecture 02.mp4 | length=10537.536 | time=0
[Friday/September 01/09/2023 00:37:57] /run/media/mnkey/4TBUSB/UNSORTED/__/Brainstorm/BST 3.5 - Brainstorm - STORM Courses/DT1 - Design Theory/BST35-DT1-Lecture 01.mp4 | length=11233.984 | time=7197.5866555556
[Friday/September 01/09/2023 00:38:17] /run/media/mnkey/4TBUSB/UNSORTED/__/Brainstorm/BST 3.5 - Brainstorm - STORM Courses/DT1 - Design Theory/BST35-DT1-Lecture 02.mp4 | length=10537.536 | time=9188.8601111111
[Friday/September 01/09/2023 00:38:34] /run/media/mnkey/4TBUSB/UNSORTED/__/Brainstorm/BST 3.5 - Brainstorm - STORM Courses/LASSO - Lasso Painting/BST35-LASSO-Lecture 01.mp4 | length=12347.095 | time=11507.25
[Friday/September 01/09/2023 00:43:04] /run/media/mnkey/4TBUSB/UNSORTED/_ART/Moderndayjames/Drawing the Figure for Animation - moderndayjames/01 Lessons/CLASS2.mp4 | length=9754.112 | time=9369.3135
[Friday/September 01/09/2023 00:44:28] /run/media/mnkey/4TBUSB/UNSORTED/_ART/Moderndayjames/James Douglas (moderndayjames) - The Whole Damn Store/HELICOPTERS-PLANES/DRAWING HELICOPTERS-PLANES.mp4 | length=10104.325804989 | time=6056.6
[Friday/September 01/09/2023 00:45:18] /run/media/mnkey/4TBUSB/UNSORTED/_ART/Moderndayjames/James Douglas (moderndayjames) - The Whole Damn Store/STYLIZED PORTRAITS/CONSTRUCTING THE HEAD.mp4 | length=4989.8026666667 | time=4557.12
[Friday/September 01/09/2023 00:46:03] /run/media/mnkey/4TBUSB/UNSORTED/_ART/Moderndayjames/James Douglas (moderndayjames) - The Whole Damn Store/DRAWING LIKE A PAINTER/SKETCHING LIKE A PAINTER.mp4 | length=4488.6029931973 | time=4332.2333333333
[Friday/September 01/09/2023 00:48:10] /run/media/mnkey/4TBUSB/UNSORTED/_ART/Moderndayjames/James Douglas (moderndayjames) - The Whole Damn Store/DIGITALFIGUREPAINTING.wmv | length=2777.57 | time=2441.933
[Friday/September 01/09/2023 00:48:36] /run/media/mnkey/4TBUSB/UNSORTED/_ART/Moderndayjames/James Douglas (moderndayjames) - The Whole Damn Store/STYLIZED PORTRAITS/CONSTRUCTING THE HEAD.mp4 | length=4989.8026666667 | time=4713.64
[Friday/September 01/09/2023 00:48:59] /run/media/mnkey/4TBUSB/UNSORTED/_ART/Moderndayjames/James Douglas (moderndayjames) - The Whole Damn Store/DIGITALPAINTINGTECHNIQUES.wmv | length=2702.152 | time=2632.2
[Friday/September 01/09/2023 00:49:12] /run/media/mnkey/4TBUSB/UNSORTED/_ART/Moderndayjames/James Douglas (moderndayjames) - The Whole Damn Store/FORESHORTENING.mp4 | length=3101.396462585 | time=2923.3
[Friday/September 01/09/2023 00:49:51] /run/media/mnkey/4TBUSB/UNSORTED/_ART/Moderndayjames/James Douglas (moderndayjames) - The Whole Damn Store/STYLIZED POSES/CHARACTER SKETCHES LONG VERSION (NO AUDIO).mp4 | length=18347.2 | time=9809.8
[Friday/September 01/09/2023 00:50:01] /run/media/mnkey/4TBUSB/UNSORTED/_ART/Moderndayjames/James Douglas (moderndayjames) - The Whole Damn Store/STYLIZED POSES/POSING-LECTURE.mp4 | length=2165.1911111111 | time=1841.4666666667
[Sunday/September 03/09/2023 16:52:40] /home/mnkey/Pictures/06-04-2023_IMG_1338.MOV | length=10.263219954649 | time=6.6333333333333
[Sunday/September 03/09/2023 16:59:36] /home/mnkey/Public/250GB/TMP/VAR/MPN/!met/_nn/_nn/video_2020-05-03_21-56-31.mp4 | length=336.76032222222 | time=184.05415555556
[Sunday/September 03/09/2023 16:59:38] /home/mnkey/Public/250GB/TMP/VAR/MPN/!met/_nn/_nn/video_2020-04-01_20-45-52.mp4 | length=229.02635555556 | time=142.42348888889
[Sunday/September 03/09/2023 17:46:07] /home/mnkey/storage/250GB/EDU/MUSIC/Idles/Albums/2018 - Joy as an Act of Resistance/03. I'm Scum.mp3 | length=190.014694 | time=73.570868043085
[Sunday/September 03/09/2023 17:47:21] /home/mnkey/storage/250GB/EDU/MUSIC/vksaver/------ -------- - ---------.mp3 | length=220.081625 | time=15.48296968254
[Sunday/September 03/09/2023 17:47:45] /home/mnkey/storage/250GB/EDU/MUSIC/vksaver/Baldwin and the Whiffles - Sh Boom (OST Cry-Baby------).mp3 | length=168.96 | time=3.1126818571429
[Sunday/September 03/09/2023 17:47:48] /home/mnkey/storage/250GB/EDU/MUSIC/vksaver/Ben Kweller - Lollipop.mp3 | length=135.862857 | time=2.031129154195
[Sunday/September 03/09/2023 17:48:07] /home/mnkey/storage/250GB/EDU/MUSIC/vksaver/Demented Are Go - Transvestite Blues.mp3 | length=207.464475 | time=16.701818707483
[Sunday/September 03/09/2023 17:48:10] /home/mnkey/storage/250GB/EDU/MUSIC/vksaver/James Intveld - Teardrops Are Falling (OST ------).mp3 | length=150.413061 | time=1.2418876394558
[Sunday/September 03/09/2023 17:48:50] /home/mnkey/storage/250GB/EDU/MUSIC/vksaver/Jay Munly feat. David E. Edwards - Dar He Drone.mp3 | length=380.16 | time=35.147383072563
[Sunday/September 03/09/2023 17:48:52] /home/mnkey/storage/250GB/EDU/MUSIC/vksaver/MASHUP - Mariah Manson - _All I Want For Christmas is the Beautiful People_ (128kbit_AAC).m4a | length=193.7473015873 | time=0
[Sunday/September 03/09/2023 17:49:11] /home/mnkey/storage/250GB/EDU/MUSIC/vksaver/Milton Mapes - Lonesome Town.mp3 | length=187.689796 | time=2.7395100385488
[Sunday/September 03/09/2023 17:49:44] /home/mnkey/storage/250GB/EDU/MUSIC/vksaver/MASHUP - Mariah Manson - _All I Want For Christmas is the Beautiful People_ (128kbit_AAC).m4a | length=193.7473015873 | time=52.277920317458
[Sunday/September 03/09/2023 17:51:00] /home/mnkey/storage/250GB/EDU/MUSIC/vksaver/Milton Mapes - Lonesome Town.mp3 | length=187.689796 | time=72.541212988663
[Sunday/September 03/09/2023 17:51:13] /home/mnkey/storage/250GB/EDU/MUSIC/vksaver/Nappy Brown - (My Heart Goes) Piddily Patter, Patter (Cry-Baby - Music From The Original Motion Picture Soundtrack)-1990.mp3 | length=123.010612 | time=11.280100092971
[Sunday/September 03/09/2023 17:51:31] /home/mnkey/storage/250GB/EDU/MUSIC/vksaver/Oranger - Mr. Sandman.mp3 | length=180.558367 | time=11.279676904762
[Sunday/September 03/09/2023 17:51:49] /home/mnkey/storage/250GB/EDU/MUSIC/vksaver/OST Cry-Baby  - Rachel Sweet - A Teenage Prayer.mp3 | length=127.89551 | time=15.958815657597
[Sunday/September 03/09/2023 17:52:17] /home/mnkey/storage/250GB/EDU/MUSIC/vksaver/The Darkthrones - Californian Hunger (Original 1960s Trve Kvlt surf music) (152kbit_Opus).ogg | length=204.0275 | time=27.054044666666
[Sunday/September 03/09/2023 17:52:54] /home/mnkey/storage/250GB/EDU/MUSIC/vksaver/The Hippy Boys - Dynamite (Bigger Boss).ogg | length=144.6875 | time=34.480702333333
[Sunday/September 03/09/2023 17:53:12] /home/mnkey/storage/250GB/EDU/MUSIC/vksaver/The Honey Sisters - Cry Baby.mp3 | length=194.76898 | time=17.040215231293
[Sunday/September 03/09/2023 17:53:23] /home/mnkey/storage/250GB/EDU/MUSIC/vksaver/The Jive Bombers  - Cherry (OST -- ------).mp3 | length=177.005714 | time=9.595877489796
[Sunday/September 03/09/2023 17:53:33] /home/mnkey/storage/250GB/EDU/MUSIC/vksaver/The Jive Bombers - Bad Boy.mp3 | length=172.460408 | time=8.2804066077098
[Sunday/September 03/09/2023 17:53:50] /home/mnkey/storage/250GB/EDU/MUSIC/vksaver/The Jive Bombers - Bad Boy.mp3 | length=172.460408 | time=19.204167267574
[Sunday/September 03/09/2023 17:54:28] /home/mnkey/storage/250GB/EDU/MUSIC/vksaver/The Raveonettes - My Boyfriend's Back.mp3 | length=159.373061 | time=36.417444843538
[Sunday/September 03/09/2023 17:54:57] /home/mnkey/storage/250GB/EDU/MUSIC/vksaver/The Students - I'm So Young.mp3 | length=149.368163 | time=27.165370863946
[Sunday/September 03/09/2023 17:56:04] /home/mnkey/storage/250GB/EDU/MUSIC/vksaver/WineSmoke - ------ ---, ---.mp3 | length=202.396725 | time=62.118363535148
[Sunday/September 03/09/2023 17:56:56] /home/mnkey/storage/250GB/EDU/MUSIC/Viagra Boys/EP/2016 - Consistency of energy/01 - Research chemicals.mp3 | length=380.16 | time=44.514909024944
[Sunday/September 03/09/2023 18:00:32] /home/mnkey/storage/250GB/EDU/MUSIC/_var/Banks Of The Ohio.ogg | length=151.6675 | time=146.18814033334
[Sunday/September 03/09/2023 18:01:00] /home/mnkey/storage/250GB/EDU/MUSIC/_var/The Grus - Jupiter.mp3 | length=287.216327 | time=26.426104024377
[Sunday/September 03/09/2023 18:01:21] /home/mnkey/storage/250GB/EDU/MUSIC/_var/The Grus - The Light Youll Never See.mp3 | length=248.973061 | time=93.19364470068
[Sunday/September 03/09/2023 18:01:23] /home/mnkey/storage/250GB/EDU/MUSIC/_var/Washed In The Blood.m4a | length=199.77142857143 | time=0
[Sunday/September 03/09/2023 18:02:33] /home/mnkey/storage/250GB/EDU/MUSIC/_var/Are You Washed in the Blood of the Lamb.mkv | length=90.838 | time=0
[Sunday/September 03/09/2023 18:04:42] /home/mnkey/storage/250GB/EDU/MUSIC/_var/Washed In The Blood.m4a | length=199.77142857143 | time=199.77142857146
[Sunday/September 03/09/2023 18:18:54] /home/mnkey/storage/250GB/EDU/MUSIC/_var/Are You Washed in the Blood of the Lamb.mkv | length=90.838 | time=90.837999999994
[Sunday/September 03/09/2023 22:36:48] /home/mnkey/storage/250GB/EDU/!AVFX/Godland.2022.DANISH.1080p.WEBRip.x264-VXT/Godland.2022.DANISH.1080p.WEBRip.x264-VXT.mp4 | length=8553.1086666667 | time=252.375
[Tuesday/September 05/09/2023 01:29:32] /home/mnkey/storage/250GB/EDU/!AVFX/Godland.2022.DANISH.1080p.WEBRip.x264-VXT/Godland.2022.DANISH.1080p.WEBRip.x264-VXT.mp4 | length=8553.1086666667 | time=8312.6666666667
[Tuesday/September 05/09/2023 15:52:14] /home/mnkey/storage/250GB/EDU/MUSIC/Idles/Albums/2018 - Joy as an Act of Resistance/09. Great.mp3 | length=164.179592 | time=164.13256207481
[Tuesday/September 05/09/2023 15:53:15] /home/mnkey/storage/250GB/EDU/MUSIC/Idles/Albums/2018 - Joy as an Act of Resistance/10. Gram Rock.mp3 | length=148.427755 | time=2.591289553288
[Tuesday/September 05/09/2023 15:53:18] /home/mnkey/storage/250GB/EDU/MUSIC/Idles/Albums/2018 - Joy as an Act of Resistance/12. Rottweiler.mp3 | length=325.746939 | time=1.5287292970522
[Tuesday/September 05/09/2023 15:53:20] /home/mnkey/storage/250GB/EDU/MUSIC/Idles/Albums/2018 - Joy as an Act of Resistance/11. Cry To Me.mp3 | length=144.483265 | time=1.0243522834467
[Tuesday/September 05/09/2023 15:53:27] /home/mnkey/storage/250GB/EDU/MUSIC/Idles/Albums/2018 - Joy as an Act of Resistance/06. June.mp3 | length=215.431837 | time=1.0462129614512
[Tuesday/September 05/09/2023 15:53:36] /home/mnkey/storage/250GB/EDU/MUSIC/Idles/Albums/2020 - Ultra Mono/11. A Hymn.mp3 | length=319.242449 | time=1.3769780816327
[Tuesday/September 05/09/2023 15:54:19] /home/mnkey/storage/250GB/EDU/MUSIC/Idles/Albums/2018 - Joy as an Act of Resistance/03. I'm Scum.mp3 | length=190.014694 | time=33.974143097506
[Tuesday/September 05/09/2023 15:54:25] /home/mnkey/storage/250GB/EDU/MUSIC/Idles/Albums/2017 - Brutalism/06. 1049 Gotho.mp3 | length=226.533878 | time=1.2118323480726
[Tuesday/September 05/09/2023 15:54:28] /home/mnkey/storage/250GB/EDU/MUSIC/Idles/Albums/2017 - Brutalism/08. Rachel Khoo.mp3 | length=205.897143 | time=1.2782608605442
[Tuesday/September 05/09/2023 15:54:30] /home/mnkey/storage/250GB/EDU/MUSIC/Idles/Albums/2017 - Brutalism/09. Stendhal Syndrome.mp3 | length=143.699592 | time=1.8633168741497
[Tuesday/September 05/09/2023 15:54:37] /home/mnkey/storage/250GB/EDU/MUSIC/Idles/Albums/2017 - Brutalism/10. Exeter.mp3 | length=238.837551 | time=51.172433765306
[Tuesday/September 05/09/2023 15:54:41] /home/mnkey/storage/250GB/EDU/MUSIC/Idles/Albums/2017 - Brutalism/11. Benzocaine.mp3 | length=159.346939 | time=13.137861348073
[Tuesday/September 05/09/2023 15:54:44] /home/mnkey/storage/250GB/EDU/MUSIC/Idles/Albums/2017 - Brutalism/12. White Privilege.mp3 | length=181.629388 | time=1.3017766269841
[Tuesday/September 05/09/2023 15:54:55] /home/mnkey/storage/250GB/EDU/MUSIC/Idles/Albums/2018 - Joy as an Act of Resistance/05. Love Song.mp3 | length=185.208163 | time=72.780087929705
[Tuesday/September 05/09/2023 15:55:00] /home/mnkey/storage/250GB/EDU/MUSIC/Idles/Albums/2018 - Joy as an Act of Resistance/06. June.mp3 | length=215.431837 | time=106.58899876417
[Tuesday/September 05/09/2023 15:55:04] /home/mnkey/storage/250GB/EDU/MUSIC/Idles/Albums/2018 - Joy as an Act of Resistance/07. Samaritans.mp3 | length=210.520816 | time=47.156723594104
[Tuesday/September 05/09/2023 15:55:25] /home/mnkey/storage/250GB/EDU/MUSIC/Idles/Albums/2018 - Joy as an Act of Resistance/08. Television.mp3 | length=192.548571 | time=35.680489086168
[Tuesday/September 05/09/2023 15:55:50] /home/mnkey/storage/250GB/EDU/MUSIC/Idles/Albums/2018 - Joy as an Act of Resistance/09. Great.mp3 | length=164.179592 | time=50.532056419501
[Tuesday/September 05/09/2023 15:55:56] /home/mnkey/storage/250GB/EDU/MUSIC/Idles/Albums/2018 - Joy as an Act of Resistance/10. Gram Rock.mp3 | length=148.427755 | time=62.564740453515
[Tuesday/September 05/09/2023 15:59:04] /home/mnkey/storage/250GB/EDU/MUSIC/Idles/EP & Singles/2015 - Meat [EP]/02 - The Idles Chant.mp3 | length=183.327347 | time=183.30228996596
[Tuesday/September 05/09/2023 16:04:14] /home/mnkey/storage/250GB/EDU/MUSIC/Idles/EP & Singles/2015 - Meat [EP]/02 - The Idles Chant.mp3 | length=183.327347 | time=102.66185452154
[Tuesday/September 05/09/2023 16:19:32] /home/mnkey/storage/250GB/EDU/MUSIC/Solblot [SWE]/2012 - For Mig Finns Ingen Vag Fran Hemmets Dorr/01 Himladrottningens Bild I Heda.flac | length=176 | time=3.0222896575964
[Tuesday/September 05/09/2023 16:22:15] /home/mnkey/storage/250GB/EDU/MUSIC/Solblot [SWE]/2012 - For Mig Finns Ingen Vag Fran Hemmets Dorr/02 Paradisets Timma.flac | length=162.013333 | time=162.01333333333
[Tuesday/September 05/09/2023 16:30:08] /home/mnkey/storage/250GB/EDU/MUSIC/Viagra Boys/EP/2016 - Consistency of energy/01 - Research chemicals.mp3 | length=380.16 | time=295.50833865755
[Tuesday/September 05/09/2023 17:20:44] /home/mnkey/Public/250GB/TMP/VAR/MPN/!vid/ConnerJay Comple SiteRip - 270+ scenes/ConnerJay - Big Tiddy Goth GF Fucks Her Ass.mp4 | length=671.20386666667 | time=493.92676666667
[Tuesday/September 05/09/2023 17:21:08] /home/mnkey/Public/250GB/TMP/VAR/MPN/!vid/ConnerJay Comple SiteRip - 270+ scenes/ConnerJay - Cum Together.mp4 | length=543.27727891156 | time=269.3691
[Tuesday/September 05/09/2023 17:22:43] /home/mnkey/Public/250GB/TMP/VAR/MPN/!vid/ExclusiveTeenPorn.com 2017-07-21 Verona - Sexy Maid.mp4 | length=674.2864399093 | time=588.15482148815
[Tuesday/September 05/09/2023 19:29:46] /home/mnkey/Public/250GB/EDU/MUSIC/King Dude/Singles & EPs/2010 - Solanaceae & King Dude - Split/01. Solanaceae - Sorrow and Its Companions.mp3 | length=171.131378 | time=171.12816326528
[Tuesday/September 05/09/2023 19:48:34] /home/mnkey/Public/250GB/EDU/MUSIC/King Dude/Singles & EPs/2010 - Solanaceae & King Dude - Split/02. King Dude - Werewolves.mp3 | length=173.0644 | time=54.038097712019
[Tuesday/September 05/09/2023 19:48:45] /home/mnkey/Public/250GB/EDU/MUSIC/Elizarov/------ - ------/01. ---------.mp3 | length=36.4352 | time=5.2800926666667
[Tuesday/September 05/09/2023 19:48:48] /home/mnkey/Public/250GB/EDU/MUSIC/Elizarov/------ - ------/03. --- -----.mp3 | length=148.06845 | time=1.3015536780045
[Tuesday/September 05/09/2023 20:15:19] /home/mnkey/Public/250GB/EDU/MUSIC/Spark! 2007 - 2019/Albums/04. Spektrum, 2015/CD1/05 Light On.mp3 | length=279.096525 | time=165.19980553513
[Wednesday/September 06/09/2023 00:59:44] /home/mnkey/Videos/Foxford/Foxford Хирьянов ЕГЭ-2023 информатика/5 Операторы присваивания. Процедуры и функции. Рекурсия.m4v | length=6533.1456666667 | time=0
[Wednesday/September 06/09/2023 16:48:58] /home/mnkey/Public/250GB/TMP/VAR/MPN/!met/_nn/_nn/video_2020-04-01_20-45-52.mp4 | length=229.02635555556 | time=204.1625
[Saturday/September 09/09/2023 00:28:02] /home/mnkey/Downloads/.torrents/Barbie.2023.1080p.WEBRip.x264.AAC5.1.mp4 | length=6842.2186666667 | time=6837.9978333333
[Saturday/September 09/09/2023 20:51:07] /home/mnkey/Public/250GB/TMP/VAR/MPN/!met/_nn/_nn/video_2020-05-03_21-56-31.mp4 | length=336.76032222222 | time=328.87277777778
[Sunday/September 10/09/2023 00:49:27] /home/mnkey/Videos/The Ultimate Beginner’s Guide To Learn And Master Vim (480p_24fps_VP9).webm | length=2035.788 | time=240.75
