2023-09-02 20:17:07.403 [info] Added views:workbench.panel.markers.view in workbench.panel.markers
2023-09-02 20:17:07.403 [info] Added views:workbench.panel.output in workbench.panel.output
2023-09-02 20:17:07.403 [info] Added views:terminal in terminal
2023-09-02 20:17:07.403 [info] Added views:outline in workbench.view.explorer
2023-09-02 20:17:07.403 [info] Added views:workbench.scm in workbench.view.scm
2023-09-02 20:17:07.403 [info] Added views:workbench.view.search in workbench.view.search
2023-09-02 20:17:07.403 [info] Added views:timeline in workbench.view.explorer
2023-09-02 20:17:07.403 [info] Added views:workbench.explorer.emptyView in workbench.view.explorer
2023-09-02 20:17:07.612 [info] Added views:workbench.debug.welcome in workbench.view.debug
2023-09-02 20:17:09.731 [info] Added views:workbench.panel.repl.view in workbench.panel.repl
2023-09-02 20:18:10.765 [info] Added views:workbench.panel.markers.view in workbench.panel.markers
2023-09-02 20:18:10.765 [info] Added views:workbench.panel.output in workbench.panel.output
2023-09-02 20:18:10.765 [info] Added views:terminal in terminal
2023-09-02 20:18:10.765 [info] Added views:outline in workbench.view.explorer
2023-09-02 20:18:10.765 [info] Added views:workbench.scm in workbench.view.scm
2023-09-02 20:18:10.765 [info] Added views:workbench.view.search in workbench.view.search
2023-09-02 20:18:10.765 [info] Added views:timeline in workbench.view.explorer
2023-09-02 20:18:10.765 [info] Added views:workbench.explorer.fileView in workbench.view.explorer
2023-09-02 20:18:11.049 [info] Added views:workbench.debug.variablesView,workbench.debug.watchExpressionsView,workbench.debug.callStackView,workbench.debug.breakPointsView in workbench.view.debug
2023-09-02 20:18:11.368 [info] Added views:workbench.panel.repl.view in workbench.panel.repl
2023-09-02 20:18:11.370 [info] Removed views:workbench.debug.breakPointsView,workbench.debug.callStackView,workbench.debug.watchExpressionsView,workbench.debug.variablesView from workbench.view.debug
2023-09-02 20:18:11.371 [info] Added views:workbench.debug.welcome in workbench.view.debug
2023-09-02 20:18:22.721 [info] Added views:workbench.panel.markers.view in workbench.panel.markers
2023-09-02 20:18:22.721 [info] Added views:workbench.panel.output in workbench.panel.output
2023-09-02 20:18:22.721 [info] Added views:terminal in terminal
2023-09-02 20:18:22.721 [info] Added views:outline in workbench.view.explorer
2023-09-02 20:18:22.721 [info] Added views:workbench.scm in workbench.view.scm
2023-09-02 20:18:22.721 [info] Added views:workbench.view.search in workbench.view.search
2023-09-02 20:18:22.721 [info] Added views:timeline in workbench.view.explorer
2023-09-02 20:18:22.721 [info] Added views:workbench.explorer.fileView in workbench.view.explorer
2023-09-02 20:18:22.775 [info] Added views:workbench.debug.welcome in workbench.view.debug
2023-09-02 20:18:23.345 [info] Added views:workbench.panel.repl.view in workbench.panel.repl
