2023-09-07 13:43:57.256 [info] Added views:workbench.panel.markers.view in workbench.panel.markers
2023-09-07 13:43:57.256 [info] Added views:workbench.panel.output in workbench.panel.output
2023-09-07 13:43:57.256 [info] Added views:terminal in terminal
2023-09-07 13:43:57.256 [info] Added views:outline in workbench.view.explorer
2023-09-07 13:43:57.256 [info] Added views:workbench.scm in workbench.view.scm
2023-09-07 13:43:57.256 [info] Added views:workbench.view.search in workbench.view.search
2023-09-07 13:43:57.256 [info] Added views:timeline in workbench.view.explorer
2023-09-07 13:43:57.256 [info] Added views:workbench.explorer.emptyView in workbench.view.explorer
2023-09-07 13:43:57.409 [info] Added views:workbench.debug.welcome in workbench.view.debug
2023-09-07 13:43:57.992 [info] Added views:workbench.panel.repl.view in workbench.panel.repl
2023-09-07 13:44:03.495 [info] Added views:workbench.panel.markers.view in workbench.panel.markers
2023-09-07 13:44:03.495 [info] Added views:workbench.panel.output in workbench.panel.output
2023-09-07 13:44:03.495 [info] Added views:terminal in terminal
2023-09-07 13:44:03.495 [info] Added views:outline in workbench.view.explorer
2023-09-07 13:44:03.495 [info] Added views:workbench.scm in workbench.view.scm
2023-09-07 13:44:03.495 [info] Added views:workbench.view.search in workbench.view.search
2023-09-07 13:44:03.495 [info] Added views:timeline in workbench.view.explorer
2023-09-07 13:44:03.495 [info] Added views:workbench.explorer.emptyView in workbench.view.explorer
2023-09-07 13:44:03.534 [info] Added views:workbench.debug.welcome in workbench.view.debug
2023-09-07 13:44:03.946 [info] Added views:workbench.panel.repl.view in workbench.panel.repl
2023-09-07 13:45:03.899 [info] Added views:workbench.view.testing in workbench.view.extension.test
2023-09-07 13:46:21.231 [info] Added views:workbench.debug.breakPointsView in workbench.view.debug
2023-09-07 13:46:23.754 [info] Removed views:workbench.debug.welcome from workbench.view.debug
2023-09-07 13:46:23.755 [info] Added views:workbench.debug.variablesView,workbench.debug.watchExpressionsView,workbench.debug.callStackView in workbench.view.debug
2023-09-07 13:46:23.769 [info] Removed views:workbench.debug.callStackView,workbench.debug.watchExpressionsView,workbench.debug.variablesView from workbench.view.debug
2023-09-07 13:46:23.770 [info] Added views:workbench.debug.welcome in workbench.view.debug
2023-09-07 13:46:39.502 [info] Removed views:workbench.view.testing from workbench.view.extension.test
